# JRE version: OpenJDK Runtime Environment (8.0_152-b01) (build 1.8.0_152-release-1343-b01)
# Java VM: OpenJDK 64-Bit Server VM (25.152-b01 mixed mode bsd-amd64 compressed oops)
Heap:
 PSYoungGen      total 499200K, used 97413K [0x00000007a0000000, 0x00000007c0000000, 0x00000007c0000000)
  eden space 473600K, 17% used [0x00000007a0000000,0x00000007a50957c8,0x00000007bce80000)
  from space 25600K, 58% used [0x00000007be700000,0x00000007bf58c010,0x00000007c0000000)
  to   space 25088K, 0% used [0x00000007bce80000,0x00000007bce80000,0x00000007be700000)
 ParOldGen       total 227328K, used 78367K [0x0000000760000000, 0x000000076de00000, 0x00000007a0000000)
  object space 227328K, 34% used [0x0000000760000000,0x0000000764c87ca8,0x000000076de00000)
 Metaspace       used 94433K, capacity 100202K, committed 101144K, reserved 1138688K
  class space    used 11563K, capacity 12526K, committed 12824K, reserved 1048576K
GC Heap History (10 events):
Event: 40008.444 GC heap before
{Heap before GC invocations=86 (full 4):
 PSYoungGen      total 497152K, used 496568K [0x00000007a0000000, 0x00000007bfe80000, 0x00000007c0000000)
  eden space 486400K, 99% used [0x00000007a0000000,0x00000007bdadd3f8,0x00000007bdb00000)
  from space 10752K, 95% used [0x00000007bdb00000,0x00000007be510ca8,0x00000007be580000)
  to   space 17920K, 0% used [0x00000007bed00000,0x00000007bed00000,0x00000007bfe80000)
 ParOldGen       total 227328K, used 75979K [0x0000000760000000, 0x000000076de00000, 0x00000007a0000000)
  object space 227328K, 33% used [0x0000000760000000,0x0000000764a32c88,0x000000076de00000)
 Metaspace       used 94266K, capacity 100046K, committed 101144K, reserved 1138688K
  class space    used 11542K, capacity 12522K, committed 12824K, reserved 1048576K
Event: 40008.676 GC heap after
Heap after GC invocations=86 (full 4):
 PSYoungGen      total 500224K, used 17901K [0x00000007a0000000, 0x00000007c0000000, 0x00000007c0000000)
  eden space 482304K, 0% used [0x00000007a0000000,0x00000007a0000000,0x00000007bd700000)
  from space 17920K, 99% used [0x00000007bed00000,0x00000007bfe7b520,0x00000007bfe80000)
  to   space 20992K, 0% used [0x00000007bd700000,0x00000007bd700000,0x00000007beb80000)
 ParOldGen       total 227328K, used 78287K [0x0000000760000000, 0x000000076de00000, 0x00000007a0000000)
  object space 227328K, 34% used [0x0000000760000000,0x0000000764c73ca8,0x000000076de00000)
 Metaspace       used 94266K, capacity 100046K, committed 101144K, reserved 1138688K
  class space    used 11542K, capacity 12522K, committed 12824K, reserved 1048576K
}
Event: 40010.293 GC heap before
{Heap before GC invocations=87 (full 4):
 PSYoungGen      total 500224K, used 499743K [0x00000007a0000000, 0x00000007c0000000, 0x00000007c0000000)
  eden space 482304K, 99% used [0x00000007a0000000,0x00000007bd68c858,0x00000007bd700000)
  from space 17920K, 99% used [0x00000007bed00000,0x00000007bfe7b520,0x00000007bfe80000)
  to   space 20992K, 0% used [0x00000007bd700000,0x00000007bd700000,0x00000007beb80000)
 ParOldGen       total 227328K, used 78287K [0x0000000760000000, 0x000000076de00000, 0x00000007a0000000)
  object space 227328K, 34% used [0x0000000760000000,0x0000000764c73ca8,0x000000076de00000)
 Metaspace       used 94273K, capacity 100046K, committed 101144K, reserved 1138688K
  class space    used 11542K, capacity 12522K, committed 12824K, reserved 1048576K
Event: 40010.384 GC heap after
Heap after GC invocations=87 (full 4):
 PSYoungGen      total 500736K, used 18178K [0x00000007a0000000, 0x00000007c0000000, 0x00000007c0000000)
  eden space 482304K, 0% used [0x00000007a0000000,0x00000007a0000000,0x00000007bd700000)
  from space 18432K, 98% used [0x00000007bd700000,0x00000007be8c08e0,0x00000007be900000)
  to   space 22528K, 0% used [0x00000007bea00000,0x00000007bea00000,0x00000007c0000000)
 ParOldGen       total 227328K, used 78319K [0x0000000760000000, 0x000000076de00000, 0x00000007a0000000)
  object space 227328K, 34% used [0x0000000760000000,0x0000000764c7bca8,0x000000076de00000)
 Metaspace       used 94273K, capacity 100046K, committed 101144K, reserved 1138688K
  class space    used 11542K, capacity 12522K, committed 12824K, reserved 1048576K
}
Event: 40069.229 GC heap before
{Heap before GC invocations=88 (full 4):
 PSYoungGen      total 500736K, used 500409K [0x00000007a0000000, 0x00000007c0000000, 0x00000007c0000000)
  eden space 482304K, 99% used [0x00000007a0000000,0x00000007bd6edb90,0x00000007bd700000)
  from space 18432K, 98% used [0x00000007bd700000,0x00000007be8c08e0,0x00000007be900000)
  to   space 22528K, 0% used [0x00000007bea00000,0x00000007bea00000,0x00000007c0000000)
 ParOldGen       total 227328K, used 78319K [0x0000000760000000, 0x000000076de00000, 0x00000007a0000000)
  object space 227328K, 34% used [0x0000000760000000,0x0000000764c7bca8,0x000000076de00000)
 Metaspace       used 94277K, capacity 100046K, committed 101144K, reserved 1138688K
  class space    used 11542K, capacity 12522K, committed 12824K, reserved 1048576K
Event: 40069.329 GC heap after
Heap after GC invocations=88 (full 4):
 PSYoungGen      total 498688K, used 18513K [0x00000007a0000000, 0x00000007c0000000, 0x00000007c0000000)
  eden space 476160K, 0% used [0x00000007a0000000,0x00000007a0000000,0x00000007bd100000)
  from space 22528K, 82% used [0x00000007bea00000,0x00000007bfc14428,0x00000007c0000000)
  to   space 24064K, 0% used [0x00000007bd100000,0x00000007bd100000,0x00000007be880000)
 ParOldGen       total 227328K, used 78343K [0x0000000760000000, 0x000000076de00000, 0x00000007a0000000)
  object space 227328K, 34% used [0x0000000760000000,0x0000000764c81ca8,0x000000076de00000)
 Metaspace       used 94277K, capacity 100046K, committed 101144K, reserved 1138688K
  class space    used 11542K, capacity 12522K, committed 12824K, reserved 1048576K
}
Event: 40122.087 GC heap before
{Heap before GC invocations=89 (full 4):
 PSYoungGen      total 498688K, used 494069K [0x00000007a0000000, 0x00000007c0000000, 0x00000007c0000000)
  eden space 476160K, 99% used [0x00000007a0000000,0x00000007bd0692b0,0x00000007bd100000)
  from space 22528K, 82% used [0x00000007bea00000,0x00000007bfc14428,0x00000007c0000000)
  to   space 24064K, 0% used [0x00000007bd100000,0x00000007bd100000,0x00000007be880000)
 ParOldGen       total 227328K, used 78343K [0x0000000760000000, 0x000000076de00000, 0x00000007a0000000)
  object space 227328K, 34% used [0x0000000760000000,0x0000000764c81ca8,0x000000076de00000)
 Metaspace       used 94290K, capacity 100046K, committed 101144K, reserved 1138688K
  class space    used 11542K, capacity 12522K, committed 12824K, reserved 1048576K
Event: 40122.197 GC heap after
Heap after GC invocations=89 (full 4):
 PSYoungGen      total 495616K, used 19423K [0x00000007a0000000, 0x00000007c0000000, 0x00000007c0000000)
  eden space 476160K, 0% used [0x00000007a0000000,0x00000007a0000000,0x00000007bd100000)
  from space 19456K, 99% used [0x00000007bd100000,0x00000007be3f7fa8,0x00000007be400000)
  to   space 25600K, 0% used [0x00000007be700000,0x00000007be700000,0x00000007c0000000)
 ParOldGen       total 227328K, used 78343K [0x0000000760000000, 0x000000076de00000, 0x00000007a0000000)
  object space 227328K, 34% used [0x0000000760000000,0x0000000764c81ca8,0x000000076de00000)
 Metaspace       used 94290K, capacity 100046K, committed 101144K, reserved 1138688K
  class space    used 11542K, capacity 12522K, committed 12824K, reserved 1048576K
}
Event: 43447.572 GC heap before
{Heap before GC invocations=90 (full 4):
 PSYoungGen      total 495616K, used 495583K [0x00000007a0000000, 0x00000007c0000000, 0x00000007c0000000)
  eden space 476160K, 100% used [0x00000007a0000000,0x00000007bd100000,0x00000007bd100000)
  from space 19456K, 99% used [0x00000007bd100000,0x00000007be3f7fa8,0x00000007be400000)
  to   space 25600K, 0% used [0x00000007be700000,0x00000007be700000,0x00000007c0000000)
 ParOldGen       total 227328K, used 78343K [0x0000000760000000, 0x000000076de00000, 0x00000007a0000000)
  object space 227328K, 34% used [0x0000000760000000,0x0000000764c81ca8,0x000000076de00000)
 Metaspace       used 94310K, capacity 100114K, committed 101144K, reserved 1138688K
  class space    used 11543K, capacity 12522K, committed 12824K, reserved 1048576K
Event: 43447.880 GC heap after
Heap after GC invocations=90 (full 4):
 PSYoungGen      total 499200K, used 14896K [0x00000007a0000000, 0x00000007c0000000, 0x00000007c0000000)
  eden space 473600K, 0% used [0x00000007a0000000,0x00000007a0000000,0x00000007bce80000)
  from space 25600K, 58% used [0x00000007be700000,0x00000007bf58c010,0x00000007c0000000)
  to   space 25088K, 0% used [0x00000007bce80000,0x00000007bce80000,0x00000007be700000)
 ParOldGen       total 227328K, used 78367K [0x0000000760000000, 0x000000076de00000, 0x00000007a0000000)
  object space 227328K, 34% used [0x0000000760000000,0x0000000764c87ca8,0x000000076de00000)
 Metaspace       used 94310K, capacity 100114K, committed 101144K, reserved 1138688K
  class space    used 11543K, capacity 12522K, committed 12824K, reserved 1048576K
}

