# JRE version: OpenJDK Runtime Environment (8.0_152-b06) (build 1.8.0_152-release-1136-b06)
# Java VM: OpenJDK 64-Bit Server VM (25.152-b06 mixed mode bsd-amd64 compressed oops)
Heap:
 PSYoungGen      total 71680K, used 5116K [0x00000007a0000000, 0x00000007a9700000, 0x00000007c0000000)
  eden space 66560K, 0% used [0x00000007a0000000,0x00000007a0000000,0x00000007a4100000)
  from space 5120K, 99% used [0x00000007a4100000,0x00000007a45ff140,0x00000007a4600000)
  to   space 10752K, 0% used [0x00000007a8c80000,0x00000007a8c80000,0x00000007a9700000)
 ParOldGen       total 87552K, used 9248K [0x0000000760000000, 0x0000000765580000, 0x00000007a0000000)
  object space 87552K, 10% used [0x0000000760000000,0x0000000760908160,0x0000000765580000)
 Metaspace       used 20534K, capacity 20980K, committed 21248K, reserved 1067008K
  class space    used 2867K, capacity 3006K, committed 3072K, reserved 1048576K
GC Heap History (10 events):
Event: 1.286 GC heap after
Heap after GC invocations=1 (full 0):
 PSYoungGen      total 38400K, used 4090K [0x00000007a0000000, 0x00000007a2a80000, 0x00000007c0000000)
  eden space 33280K, 0% used [0x00000007a0000000,0x00000007a0000000,0x00000007a2080000)
  from space 5120K, 79% used [0x00000007a2080000,0x00000007a247e840,0x00000007a2580000)
  to   space 5120K, 0% used [0x00000007a2580000,0x00000007a2580000,0x00000007a2a80000)
 ParOldGen       total 87552K, used 8K [0x0000000760000000, 0x0000000765580000, 0x00000007a0000000)
  object space 87552K, 0% used [0x0000000760000000,0x0000000760002000,0x0000000765580000)
 Metaspace       used 6555K, capacity 6702K, committed 6784K, reserved 1056768K
  class space    used 801K, capacity 875K, committed 896K, reserved 1048576K
}
Event: 2.243 GC heap before
{Heap before GC invocations=2 (full 0):
 PSYoungGen      total 38400K, used 37370K [0x00000007a0000000, 0x00000007a2a80000, 0x00000007c0000000)
  eden space 33280K, 100% used [0x00000007a0000000,0x00000007a2080000,0x00000007a2080000)
  from space 5120K, 79% used [0x00000007a2080000,0x00000007a247e840,0x00000007a2580000)
  to   space 5120K, 0% used [0x00000007a2580000,0x00000007a2580000,0x00000007a2a80000)
 ParOldGen       total 87552K, used 8K [0x0000000760000000, 0x0000000765580000, 0x00000007a0000000)
  object space 87552K, 0% used [0x0000000760000000,0x0000000760002000,0x0000000765580000)
 Metaspace       used 11418K, capacity 11772K, committed 11904K, reserved 1058816K
  class space    used 1516K, capacity 1658K, committed 1664K, reserved 1048576K
Event: 2.273 GC heap after
Heap after GC invocations=2 (full 0):
 PSYoungGen      total 38400K, used 5093K [0x00000007a0000000, 0x00000007a4b00000, 0x00000007c0000000)
  eden space 33280K, 0% used [0x00000007a0000000,0x00000007a0000000,0x00000007a2080000)
  from space 5120K, 99% used [0x00000007a2580000,0x00000007a2a79628,0x00000007a2a80000)
  to   space 5120K, 0% used [0x00000007a2080000,0x00000007a2080000,0x00000007a2580000)
 ParOldGen       total 87552K, used 651K [0x0000000760000000, 0x0000000765580000, 0x00000007a0000000)
  object space 87552K, 0% used [0x0000000760000000,0x00000007600a2dd8,0x0000000765580000)
 Metaspace       used 11418K, capacity 11772K, committed 11904K, reserved 1058816K
  class space    used 1516K, capacity 1658K, committed 1664K, reserved 1048576K
}
Event: 2.812 GC heap before
{Heap before GC invocations=3 (full 0):
 PSYoungGen      total 38400K, used 38373K [0x00000007a0000000, 0x00000007a4b00000, 0x00000007c0000000)
  eden space 33280K, 100% used [0x00000007a0000000,0x00000007a2080000,0x00000007a2080000)
  from space 5120K, 99% used [0x00000007a2580000,0x00000007a2a79628,0x00000007a2a80000)
  to   space 5120K, 0% used [0x00000007a2080000,0x00000007a2080000,0x00000007a2580000)
 ParOldGen       total 87552K, used 651K [0x0000000760000000, 0x0000000765580000, 0x00000007a0000000)
  object space 87552K, 0% used [0x0000000760000000,0x00000007600a2dd8,0x0000000765580000)
 Metaspace       used 14122K, capacity 14478K, committed 14720K, reserved 1062912K
  class space    used 2006K, capacity 2153K, committed 2176K, reserved 1048576K
Event: 2.825 GC heap after
Heap after GC invocations=3 (full 0):
 PSYoungGen      total 38400K, used 5104K [0x00000007a0000000, 0x00000007a4b00000, 0x00000007c0000000)
  eden space 33280K, 0% used [0x00000007a0000000,0x00000007a0000000,0x00000007a2080000)
  from space 5120K, 99% used [0x00000007a2080000,0x00000007a257c030,0x00000007a2580000)
  to   space 5120K, 0% used [0x00000007a4600000,0x00000007a4600000,0x00000007a4b00000)
 ParOldGen       total 87552K, used 2647K [0x0000000760000000, 0x0000000765580000, 0x00000007a0000000)
  object space 87552K, 3% used [0x0000000760000000,0x0000000760295d30,0x0000000765580000)
 Metaspace       used 14122K, capacity 14478K, committed 14720K, reserved 1062912K
  class space    used 2006K, capacity 2153K, committed 2176K, reserved 1048576K
}
Event: 3.722 GC heap before
{Heap before GC invocations=4 (full 0):
 PSYoungGen      total 38400K, used 38384K [0x00000007a0000000, 0x00000007a4b00000, 0x00000007c0000000)
  eden space 33280K, 100% used [0x00000007a0000000,0x00000007a2080000,0x00000007a2080000)
  from space 5120K, 99% used [0x00000007a2080000,0x00000007a257c030,0x00000007a2580000)
  to   space 5120K, 0% used [0x00000007a4600000,0x00000007a4600000,0x00000007a4b00000)
 ParOldGen       total 87552K, used 2647K [0x0000000760000000, 0x0000000765580000, 0x00000007a0000000)
  object space 87552K, 3% used [0x0000000760000000,0x0000000760295d30,0x0000000765580000)
 Metaspace       used 16998K, capacity 17384K, committed 17792K, reserved 1064960K
  class space    used 2485K, capacity 2620K, committed 2688K, reserved 1048576K
Event: 3.743 GC heap after
Heap after GC invocations=4 (full 0):
 PSYoungGen      total 71680K, used 5104K [0x00000007a0000000, 0x00000007a4b00000, 0x00000007c0000000)
  eden space 66560K, 0% used [0x00000007a0000000,0x00000007a0000000,0x00000007a4100000)
  from space 5120K, 99% used [0x00000007a4600000,0x00000007a4afc030,0x00000007a4b00000)
  to   space 5120K, 0% used [0x00000007a4100000,0x00000007a4100000,0x00000007a4600000)
 ParOldGen       total 87552K, used 5426K [0x0000000760000000, 0x0000000765580000, 0x00000007a0000000)
  object space 87552K, 6% used [0x0000000760000000,0x000000076054cb18,0x0000000765580000)
 Metaspace       used 16998K, capacity 17384K, committed 17792K, reserved 1064960K
  class space    used 2485K, capacity 2620K, committed 2688K, reserved 1048576K
}
Event: 4.470 GC heap before
{Heap before GC invocations=5 (full 0):
 PSYoungGen      total 71680K, used 29074K [0x00000007a0000000, 0x00000007a4b00000, 0x00000007c0000000)
  eden space 66560K, 36% used [0x00000007a0000000,0x00000007a1768ab8,0x00000007a4100000)
  from space 5120K, 99% used [0x00000007a4600000,0x00000007a4afc030,0x00000007a4b00000)
  to   space 5120K, 0% used [0x00000007a4100000,0x00000007a4100000,0x00000007a4600000)
 ParOldGen       total 87552K, used 5426K [0x0000000760000000, 0x0000000765580000, 0x00000007a0000000)
  object space 87552K, 6% used [0x0000000760000000,0x000000076054cb18,0x0000000765580000)
 Metaspace       used 20534K, capacity 20980K, committed 21248K, reserved 1067008K
  class space    used 2867K, capacity 3006K, committed 3072K, reserved 1048576K
Event: 4.493 GC heap after
Heap after GC invocations=5 (full 0):
 PSYoungGen      total 71680K, used 5116K [0x00000007a0000000, 0x00000007a9700000, 0x00000007c0000000)
  eden space 66560K, 0% used [0x00000007a0000000,0x00000007a0000000,0x00000007a4100000)
  from space 5120K, 99% used [0x00000007a4100000,0x00000007a45ff140,0x00000007a4600000)
  to   space 10752K, 0% used [0x00000007a8c80000,0x00000007a8c80000,0x00000007a9700000)
 ParOldGen       total 87552K, used 9248K [0x0000000760000000, 0x0000000765580000, 0x00000007a0000000)
  object space 87552K, 10% used [0x0000000760000000,0x0000000760908160,0x0000000765580000)
 Metaspace       used 20534K, capacity 20980K, committed 21248K, reserved 1067008K
  class space    used 2867K, capacity 3006K, committed 3072K, reserved 1048576K
}
Event: 4.493 GC heap before
{Heap before GC invocations=6 (full 1):
 PSYoungGen      total 71680K, used 5116K [0x00000007a0000000, 0x00000007a9700000, 0x00000007c0000000)
  eden space 66560K, 0% used [0x00000007a0000000,0x00000007a0000000,0x00000007a4100000)
  from space 5120K, 99% used [0x00000007a4100000,0x00000007a45ff140,0x00000007a4600000)
  to   space 10752K, 0% used [0x00000007a8c80000,0x00000007a8c80000,0x00000007a9700000)
 ParOldGen       total 87552K, used 9248K [0x0000000760000000, 0x0000000765580000, 0x00000007a0000000)
  object space 87552K, 10% used [0x0000000760000000,0x0000000760908160,0x0000000765580000)
 Metaspace       used 20534K, capacity 20980K, committed 21248K, reserved 1067008K
  class space    used 2867K, capacity 3006K, committed 3072K, reserved 1048576K

