# JRE version: OpenJDK Runtime Environment (8.0_202) (build 1.8.0_202-release-1483-b49-5587405)
# Java VM: OpenJDK 64-Bit Server VM (25.202-b49-5587405 mixed mode bsd-amd64 compressed oops)
Heap:
 PSYoungGen      total 95744K, used 67538K [0x00000007a0000000, 0x00000007a8c00000, 0x00000007c0000000)
  eden space 83968K, 80% used [0x00000007a0000000,0x00000007a41f4ae0,0x00000007a5200000)
  from space 11776K, 0% used [0x00000007a5200000,0x00000007a5200000,0x00000007a5d80000)
  to   space 12288K, 0% used [0x00000007a8000000,0x00000007a8000000,0x00000007a8c00000)
 ParOldGen       total 92160K, used 17669K [0x0000000760000000, 0x0000000765a00000, 0x00000007a0000000)
  object space 92160K, 19% used [0x0000000760000000,0x00000007611414d0,0x0000000765a00000)
 Metaspace       used 41476K, capacity 42276K, committed 42672K, reserved 1085440K
  class space    used 5662K, capacity 5938K, committed 6064K, reserved 1048576K
GC Heap History (10 events):
Event: 11.977 GC heap before
{Heap before GC invocations=7 (full 1):
 PSYoungGen      total 38400K, used 33280K [0x00000007a0000000, 0x00000007a5700000, 0x00000007c0000000)
  eden space 33280K, 100% used [0x00000007a0000000,0x00000007a2080000,0x00000007a2080000)
  from space 5120K, 0% used [0x00000007a2080000,0x00000007a2080000,0x00000007a2580000)
  to   space 11264K, 0% used [0x00000007a4c00000,0x00000007a4c00000,0x00000007a5700000)
 ParOldGen       total 60416K, used 9476K [0x0000000760000000, 0x0000000763b00000, 0x00000007a0000000)
  object space 60416K, 15% used [0x0000000760000000,0x00000007609412c8,0x0000000763b00000)
 Metaspace       used 24229K, capacity 24728K, committed 24880K, reserved 1071104K
  class space    used 3353K, capacity 3543K, committed 3632K, reserved 1048576K
Event: 11.986 GC heap after
Heap after GC invocations=7 (full 1):
 PSYoungGen      total 57344K, used 3593K [0x00000007a0000000, 0x00000007a5000000, 0x00000007c0000000)
  eden space 53248K, 0% used [0x00000007a0000000,0x00000007a0000000,0x00000007a3400000)
  from space 4096K, 87% used [0x00000007a4c00000,0x00000007a4f82458,0x00000007a5000000)
  to   space 11264K, 0% used [0x00000007a3a00000,0x00000007a3a00000,0x00000007a4500000)
 ParOldGen       total 60416K, used 9484K [0x0000000760000000, 0x0000000763b00000, 0x00000007a0000000)
  object space 60416K, 15% used [0x0000000760000000,0x00000007609432c8,0x0000000763b00000)
 Metaspace       used 24229K, capacity 24728K, committed 24880K, reserved 1071104K
  class space    used 3353K, capacity 3543K, committed 3632K, reserved 1048576K
}
Event: 13.569 GC heap before
{Heap before GC invocations=8 (full 1):
 PSYoungGen      total 57344K, used 56841K [0x00000007a0000000, 0x00000007a5000000, 0x00000007c0000000)
  eden space 53248K, 100% used [0x00000007a0000000,0x00000007a3400000,0x00000007a3400000)
  from space 4096K, 87% used [0x00000007a4c00000,0x00000007a4f82458,0x00000007a5000000)
  to   space 11264K, 0% used [0x00000007a3a00000,0x00000007a3a00000,0x00000007a4500000)
 ParOldGen       total 60416K, used 9484K [0x0000000760000000, 0x0000000763b00000, 0x00000007a0000000)
  object space 60416K, 15% used [0x0000000760000000,0x00000007609432c8,0x0000000763b00000)
 Metaspace       used 27981K, capacity 28476K, committed 28720K, reserved 1073152K
  class space    used 3875K, capacity 4080K, committed 4144K, reserved 1048576K
Event: 13.585 GC heap after
Heap after GC invocations=8 (full 1):
 PSYoungGen      total 70656K, used 6604K [0x00000007a0000000, 0x00000007a6800000, 0x00000007c0000000)
  eden space 59392K, 0% used [0x00000007a0000000,0x00000007a0000000,0x00000007a3a00000)
  from space 11264K, 58% used [0x00000007a3a00000,0x00000007a4073170,0x00000007a4500000)
  to   space 10752K, 0% used [0x00000007a5d80000,0x00000007a5d80000,0x00000007a6800000)
 ParOldGen       total 60416K, used 9492K [0x0000000760000000, 0x0000000763b00000, 0x00000007a0000000)
  object space 60416K, 15% used [0x0000000760000000,0x00000007609452c8,0x0000000763b00000)
 Metaspace       used 27981K, capacity 28476K, committed 28720K, reserved 1073152K
  class space    used 3875K, capacity 4080K, committed 4144K, reserved 1048576K
}
Event: 15.351 GC heap before
{Heap before GC invocations=9 (full 1):
 PSYoungGen      total 70656K, used 65996K [0x00000007a0000000, 0x00000007a6800000, 0x00000007c0000000)
  eden space 59392K, 100% used [0x00000007a0000000,0x00000007a3a00000,0x00000007a3a00000)
  from space 11264K, 58% used [0x00000007a3a00000,0x00000007a4073170,0x00000007a4500000)
  to   space 10752K, 0% used [0x00000007a5d80000,0x00000007a5d80000,0x00000007a6800000)
 ParOldGen       total 60416K, used 9492K [0x0000000760000000, 0x0000000763b00000, 0x00000007a0000000)
  object space 60416K, 15% used [0x0000000760000000,0x00000007609452c8,0x0000000763b00000)
 Metaspace       used 31101K, capacity 31734K, committed 32048K, reserved 1077248K
  class space    used 4373K, capacity 4587K, committed 4656K, reserved 1048576K
Event: 15.373 GC heap after
Heap after GC invocations=9 (full 1):
 PSYoungGen      total 94720K, used 9701K [0x00000007a0000000, 0x00000007a7480000, 0x00000007c0000000)
  eden space 83968K, 0% used [0x00000007a0000000,0x00000007a0000000,0x00000007a5200000)
  from space 10752K, 90% used [0x00000007a5d80000,0x00000007a66f94c0,0x00000007a6800000)
  to   space 11776K, 0% used [0x00000007a5200000,0x00000007a5200000,0x00000007a5d80000)
 ParOldGen       total 60416K, used 9500K [0x0000000760000000, 0x0000000763b00000, 0x00000007a0000000)
  object space 60416K, 15% used [0x0000000760000000,0x00000007609472c8,0x0000000763b00000)
 Metaspace       used 31101K, capacity 31734K, committed 32048K, reserved 1077248K
  class space    used 4373K, capacity 4587K, committed 4656K, reserved 1048576K
}
Event: 17.273 GC heap before
{Heap before GC invocations=10 (full 1):
 PSYoungGen      total 94720K, used 46085K [0x00000007a0000000, 0x00000007a7480000, 0x00000007c0000000)
  eden space 83968K, 43% used [0x00000007a0000000,0x00000007a2388080,0x00000007a5200000)
  from space 10752K, 90% used [0x00000007a5d80000,0x00000007a66f94c0,0x00000007a6800000)
  to   space 11776K, 0% used [0x00000007a5200000,0x00000007a5200000,0x00000007a5d80000)
 ParOldGen       total 60416K, used 9500K [0x0000000760000000, 0x0000000763b00000, 0x00000007a0000000)
  object space 60416K, 15% used [0x0000000760000000,0x00000007609472c8,0x0000000763b00000)
 Metaspace       used 34705K, capacity 35398K, committed 35496K, reserved 1079296K
  class space    used 4867K, capacity 5127K, committed 5168K, reserved 1048576K
Event: 17.327 GC heap after
Heap after GC invocations=10 (full 1):
 PSYoungGen      total 95744K, used 9021K [0x00000007a0000000, 0x00000007a8c00000, 0x00000007c0000000)
  eden space 83968K, 0% used [0x00000007a0000000,0x00000007a0000000,0x00000007a5200000)
  from space 11776K, 76% used [0x00000007a5200000,0x00000007a5acf460,0x00000007a5d80000)
  to   space 12288K, 0% used [0x00000007a8000000,0x00000007a8000000,0x00000007a8c00000)
 ParOldGen       total 60416K, used 11177K [0x0000000760000000, 0x0000000763b00000, 0x00000007a0000000)
  object space 60416K, 18% used [0x0000000760000000,0x0000000760aea680,0x0000000763b00000)
 Metaspace       used 34705K, capacity 35398K, committed 35496K, reserved 1079296K
  class space    used 4867K, capacity 5127K, committed 5168K, reserved 1048576K
}
Event: 17.327 GC heap before
{Heap before GC invocations=11 (full 2):
 PSYoungGen      total 95744K, used 9021K [0x00000007a0000000, 0x00000007a8c00000, 0x00000007c0000000)
  eden space 83968K, 0% used [0x00000007a0000000,0x00000007a0000000,0x00000007a5200000)
  from space 11776K, 76% used [0x00000007a5200000,0x00000007a5acf460,0x00000007a5d80000)
  to   space 12288K, 0% used [0x00000007a8000000,0x00000007a8000000,0x00000007a8c00000)
 ParOldGen       total 60416K, used 11177K [0x0000000760000000, 0x0000000763b00000, 0x00000007a0000000)
  object space 60416K, 18% used [0x0000000760000000,0x0000000760aea680,0x0000000763b00000)
 Metaspace       used 34705K, capacity 35398K, committed 35496K, reserved 1079296K
  class space    used 4867K, capacity 5127K, committed 5168K, reserved 1048576K
Event: 17.505 GC heap after
Heap after GC invocations=11 (full 2):
 PSYoungGen      total 95744K, used 0K [0x00000007a0000000, 0x00000007a8c00000, 0x00000007c0000000)
  eden space 83968K, 0% used [0x00000007a0000000,0x00000007a0000000,0x00000007a5200000)
  from space 11776K, 0% used [0x00000007a5200000,0x00000007a5200000,0x00000007a5d80000)
  to   space 12288K, 0% used [0x00000007a8000000,0x00000007a8000000,0x00000007a8c00000)
 ParOldGen       total 92160K, used 17669K [0x0000000760000000, 0x0000000765a00000, 0x00000007a0000000)
  object space 92160K, 19% used [0x0000000760000000,0x00000007611414d0,0x0000000765a00000)
 Metaspace       used 34705K, capacity 35398K, committed 35496K, reserved 1079296K
  class space    used 4867K, capacity 5127K, committed 5168K, reserved 1048576K
}

